<?xml version="1.0" encoding="UTF-8"?>
<!-- Generated by org.testng.reporters.JUnitReportReporter -->
<testsuite hostname="Avi-Laptop" failures="0" tests="1" name="NewTest" time="0.020" errors="0" timestamp="2024-09-01T10:57:48 IST" skipped="0">
  <testcase classname="NewTest" name="f" time="0.020"/>
</testsuite> <!-- NewTest -->
